<?xml version="1.0" encoding="UTF-8"?>
<!-- Generated by org.testng.reporters.JUnitReportReporter -->
<testsuite skipped="0" hostname="CLOURD-M-V1P8" name="com.crm.qa.testcases.LoginPageTest" tests="1" failures="0" timestamp="27 Nov 2018 09:50:21 GMT" time="6.650" errors="0">
  <testcase name="clickonLoginButtonTest" time="6.650" classname="com.crm.qa.testcases.LoginPageTest"/>
</testsuite> <!-- com.crm.qa.testcases.LoginPageTest -->
