<?xml version="1.0" encoding="UTF-8"?>
<!-- Generated by org.testng.reporters.JUnitReportReporter -->
<testsuite skipped="0" hostname="CLOURD-M-V1P8" name="com.crm.qa.testcases.SearchPageTest" tests="1" failures="0" timestamp="27 Nov 2018 11:11:22 GMT" time="17.908" errors="0">
  <testcase name="selectSearchItemsTest" time="17.908" classname="com.crm.qa.testcases.SearchPageTest"/>
</testsuite> <!-- com.crm.qa.testcases.SearchPageTest -->
