<?xml version="1.0" encoding="UTF-8"?>
<!-- Generated by org.testng.reporters.JUnitReportReporter -->
<testsuite skipped="0" hostname="CLOURD-M-V1P8" name="com.crm.qa.testcases.HomePageTest" tests="1" failures="0" timestamp="27 Nov 2018 09:41:33 GMT" time="8.228" errors="0">
  <testcase name="verifyHomePageTitleTest" time="8.228" classname="com.crm.qa.testcases.HomePageTest"/>
</testsuite> <!-- com.crm.qa.testcases.HomePageTest -->
